3382062408: 3.1494G :Java_aa_bb_cc_JNICallStudy_stringFromJNI(JNIEnv * env, jobject thiz) Line 15
3820071546: 3.5576G :libart.so!art_quick_generic_jni_trampoline()
3820053878: 3.5576G :libart.so!art_quick_invoke_stub_internal()
3819895676: 3.5566G :libart.so!art_quick_invoke_stub()
3816464408: 3.5537G :libart.so!art::ArtMethod::Invoke(art::Thread*, unsigned int*, unsigned int, art::JValue*, char const*)()
3817794284: 3.5547G :libart.so!art::interpreter::ArtInterpreterToCompiledCodeBridge(art::Thread*, art::ArtMethod*, art::ShadowFrame*, unsigned short, art::JValue*)()
3817772506: 3.5547G :libart.so!bool art::interpreter::DoCall<false, false>(art::ArtMethod*, art::Thread*, art::ShadowFrame&, art::Instruction const*, unsigned short, art::JValue*)()
3817931486: 3.5557G :libart.so!bool art::interpreter::DoInvoke<(art::InvokeType)2, false, false>(art::Thread*, art::ShadowFrame&, art::Instruction const*, unsigned short, art::JValue*)()
3817924772: 3.5557G :libart.so!void art::interpreter::ExecuteSwitchImplCpp<false, false>(art::interpreter::SwitchImplContext*)()
3820074070: 3.5576G :libart.so!ExecuteSwitchImplAsm()
3817659674: 3.5547G :libart.so!art::interpreter::Execute(art::Thread*, art::CodeItemDataAccessor const&, art::ShadowFrame&, art::JValue, bool) [clone .llvm.2471763592]()
3817677884: 3.5547G :libart.so!art::interpreter::ArtInterpreterToInterpreterBridge(art::Thread*, art::CodeItemDataAccessor const&, art::ShadowFrame*, art::JValue*)()
3817772482: 3.5547G :libart.so!bool art::interpreter::DoCall<false, false>(art::ArtMethod*, art::Thread*, art::ShadowFrame&, art::Instruction const*, unsigned short, art::JValue*)()
3817937838: 3.5557G :libart.so!bool art::interpreter::DoInvoke<(art::InvokeType)4, false, false>(art::Thread*, art::ShadowFrame&, art::Instruction const*, unsigned short, art::JValue*)()
3817915356: 3.5557G :libart.so!void art::interpreter::ExecuteSwitchImplCpp<false, false>(art::interpreter::SwitchImplContext*)()
3820074070: 3.5576G :libart.so!ExecuteSwitchImplAsm()
3817659674: 3.5547G :libart.so!art::interpreter::Execute(art::Thread*, art::CodeItemDataAccessor const&, art::ShadowFrame&, art::JValue, bool) [clone .llvm.2471763592]()
3817677884: 3.5547G :libart.so!art::interpreter::ArtInterpreterToInterpreterBridge(art::Thread*, art::CodeItemDataAccessor const&, art::ShadowFrame*, art::JValue*)()
3817772482: 3.5547G :libart.so!bool art::interpreter::DoCall<false, false>(art::ArtMethod*, art::Thread*, art::ShadowFrame&, art::Instruction const*, unsigned short, art::JValue*)()
3817939968: 3.5557G :libart.so!bool art::interpreter::DoInvoke<(art::InvokeType)0, false, false>(art::Thread*, art::ShadowFrame&, art::Instruction const*, unsigned short, art::JValue*)()
3817927744: 3.5557G :libart.so!void art::interpreter::ExecuteSwitchImplCpp<false, false>(art::interpreter::SwitchImplContext*)()
3820074070: 3.5576G :libart.so!ExecuteSwitchImplAsm()
3817659674: 3.5547G :libart.so!art::interpreter::Execute(art::Thread*, art::CodeItemDataAccessor const&, art::ShadowFrame&, art::JValue, bool) [clone .llvm.2471763592]()
3817677884: 3.5547G :libart.so!art::interpreter::ArtInterpreterToInterpreterBridge(art::Thread*, art::CodeItemDataAccessor const&, art::ShadowFrame*, art::JValue*)()
3817772482: 3.5547G :libart.so!bool art::interpreter::DoCall<false, false>(art::ArtMethod*, art::Thread*, art::ShadowFrame&, art::Instruction const*, unsigned short, art::JValue*)()
3817931486: 3.5557G :libart.so!bool art::interpreter::DoInvoke<(art::InvokeType)2, false, false>(art::Thread*, art::ShadowFrame&, art::Instruction const*, unsigned short, art::JValue*)()
3817924772: 3.5557G :libart.so!void art::interpreter::ExecuteSwitchImplCpp<false, false>(art::interpreter::SwitchImplContext*)()
3820074070: 3.5576G :libart.so!ExecuteSwitchImplAsm()
3817659674: 3.5547G :libart.so!art::interpreter::Execute(art::Thread*, art::CodeItemDataAccessor const&, art::ShadowFrame&, art::JValue, bool) [clone .llvm.2471763592]()
3817677884: 3.5547G :libart.so!art::interpreter::ArtInterpreterToInterpreterBridge(art::Thread*, art::CodeItemDataAccessor const&, art::ShadowFrame*, art::JValue*)()
3817772482: 3.5547G :libart.so!bool art::interpreter::DoCall<false, false>(art::ArtMethod*, art::Thread*, art::ShadowFrame&, art::Instruction const*, unsigned short, art::JValue*)()
3819878322: 3.5566G :libart.so!MterpInvokeStatic()
3820000408: 3.5576G :libart.so!ExecuteMterpImpl()
3817659734: 3.5547G :libart.so!art::interpreter::Execute(art::Thread*, art::CodeItemDataAccessor const&, art::ShadowFrame&, art::JValue, bool) [clone .llvm.2471763592]()
3817677698: 3.5547G :libart.so!art::interpreter::EnterInterpreterFromEntryPoint(art::Thread*, art::CodeItemDataAccessor const&, art::ShadowFrame*)()
3819823804: 3.5566G :libart.so!artQuickToInterpreterBridge()
3820071682: 3.5576G :libart.so!art_quick_to_interpreter_bridge()
3820071920: 3.5576G :libart.so!art_quick_instrumentation_entry()
3817876656: 3.5557G :libart.so!??()
